{
  "stats": {
    "suites": 3,
    "tests": 5,
    "passes": 5,
    "pending": 0,
    "failures": 0,
    "start": "2023-07-10T21:44:01.768Z",
    "end": "2023-07-10T21:44:04.388Z",
    "duration": 2620,
    "testsRegistered": 5,
    "passPercent": 100,
    "pendingPercent": 0,
    "other": 0,
    "hasOther": false,
    "skipped": 0,
    "hasSkipped": false
  },
  "results": [
    {
      "uuid": "9aba515c-cd7c-4f27-b89a-032749061ca7",
      "title": "",
      "fullFile": "cypress/e2e/users.cy.js",
      "file": "cypress/e2e/users.cy.js",
      "beforeHooks": [],
      "afterHooks": [],
      "tests": [],
      "suites": [
        {
          "uuid": "6497338a-b19f-4cac-966c-31adb66115ff",
          "title": "Users Page",
          "fullFile": "",
          "file": "",
          "beforeHooks": [],
          "afterHooks": [],
          "tests": [],
          "suites": [
            {
              "uuid": "2b5da57f-89a1-44e4-8813-a0fee23f1906",
              "title": "Api call to fetch users",
              "fullFile": "",
              "file": "",
              "beforeHooks": [],
              "afterHooks": [],
              "tests": [
                {
                  "title": "should load users table successfully",
                  "fullTitle": "Users Page Api call to fetch users should load users table successfully",
                  "timedOut": null,
                  "duration": 814,
                  "state": "passed",
                  "speed": "fast",
                  "pass": true,
                  "fail": false,
                  "pending": false,
                  "context": null,
                  "code": "cy.get('[routerLink=\"/users\"]').click();\ncy.url().should('include', 'users');",
                  "err": {},
                  "uuid": "94767ea6-e349-4a67-8644-fd3843965b6b",
                  "parentUUID": "2b5da57f-89a1-44e4-8813-a0fee23f1906",
                  "isHook": false,
                  "skipped": false
                }
              ],
              "suites": [],
              "passes": [
                "94767ea6-e349-4a67-8644-fd3843965b6b"
              ],
              "failures": [],
              "pending": [],
              "skipped": [],
              "duration": 814,
              "root": false,
              "rootEmpty": false,
              "_timeout": 2000
            },
            {
              "uuid": "ee0af647-7088-4e7e-9c6a-ef76a760660d",
              "title": "Check displayed data with filtering and pagination",
              "fullFile": "",
              "file": "",
              "beforeHooks": [],
              "afterHooks": [],
              "tests": [
                {
                  "title": "should contain right spelled text",
                  "fullTitle": "Users Page Check displayed data with filtering and pagination should contain right spelled text",
                  "timedOut": null,
                  "duration": 385,
                  "state": "passed",
                  "speed": "fast",
                  "pass": true,
                  "fail": false,
                  "pending": false,
                  "context": null,
                  "code": "cy.contains('Id');\ncy.contains('Name');\ncy.contains('Username');\ncy.contains('Email');\ncy.contains('Role');",
                  "err": {},
                  "uuid": "fdd59450-91e6-4254-ac10-549fb73b27cf",
                  "parentUUID": "ee0af647-7088-4e7e-9c6a-ef76a760660d",
                  "isHook": false,
                  "skipped": false
                },
                {
                  "title": "should open page size dropdown",
                  "fullTitle": "Users Page Check displayed data with filtering and pagination should open page size dropdown",
                  "timedOut": null,
                  "duration": 454,
                  "state": "passed",
                  "speed": "fast",
                  "pass": true,
                  "fail": false,
                  "pending": false,
                  "context": null,
                  "code": "cy.get('[ng-reflect-appearance=\"outline\"]').click();",
                  "err": {},
                  "uuid": "c3cc240f-2df3-40af-8ba4-351d7bdc8081",
                  "parentUUID": "ee0af647-7088-4e7e-9c6a-ef76a760660d",
                  "isHook": false,
                  "skipped": false
                },
                {
                  "title": "should open next page",
                  "fullTitle": "Users Page Check displayed data with filtering and pagination should open next page",
                  "timedOut": null,
                  "duration": 435,
                  "state": "passed",
                  "speed": "fast",
                  "pass": true,
                  "fail": false,
                  "pending": false,
                  "context": null,
                  "code": "cy.get('[aria-label=\"Next page\"]').click();",
                  "err": {},
                  "uuid": "8b815444-4dd3-47d2-9e90-4fa351893d71",
                  "parentUUID": "ee0af647-7088-4e7e-9c6a-ef76a760660d",
                  "isHook": false,
                  "skipped": false
                },
                {
                  "title": "should type username to filter user by username",
                  "fullTitle": "Users Page Check displayed data with filtering and pagination should type username to filter user by username",
                  "timedOut": null,
                  "duration": 475,
                  "state": "passed",
                  "speed": "fast",
                  "pass": true,
                  "fail": false,
                  "pending": false,
                  "context": null,
                  "code": "cy.get('mat-label').type('tes');\ncy.get('mat-table').find('mat-row').should('have.length', 1);",
                  "err": {},
                  "uuid": "a9b6a4c3-a3e1-4665-8fcd-ec35893f1919",
                  "parentUUID": "ee0af647-7088-4e7e-9c6a-ef76a760660d",
                  "isHook": false,
                  "skipped": false
                }
              ],
              "suites": [],
              "passes": [
                "fdd59450-91e6-4254-ac10-549fb73b27cf",
                "c3cc240f-2df3-40af-8ba4-351d7bdc8081",
                "8b815444-4dd3-47d2-9e90-4fa351893d71",
                "a9b6a4c3-a3e1-4665-8fcd-ec35893f1919"
              ],
              "failures": [],
              "pending": [],
              "skipped": [],
              "duration": 1749,
              "root": false,
              "rootEmpty": false,
              "_timeout": 2000
            }
          ],
          "passes": [],
          "failures": [],
          "pending": [],
          "skipped": [],
          "duration": 0,
          "root": false,
          "rootEmpty": false,
          "_timeout": 2000
        }
      ],
      "passes": [],
      "failures": [],
      "pending": [],
      "skipped": [],
      "duration": 0,
      "root": true,
      "rootEmpty": true,
      "_timeout": 2000
    }
  ],
  "meta": {
    "mocha": {
      "version": "7.0.1"
    },
    "mochawesome": {
      "options": {
        "quiet": false,
        "reportFilename": "mochawesome",
        "saveHtml": false,
        "saveJson": true,
        "consoleReporter": "spec",
        "useInlineDiffs": false,
        "code": true
      },
      "version": "7.1.3"
    },
    "marge": {
      "options": {
        "overwrite": false,
        "html": false,
        "json": true
      },
      "version": "6.2.0"
    }
  }
}