{
  "stats": {
    "suites": 1,
    "tests": 2,
    "passes": 2,
    "pending": 0,
    "failures": 0,
    "start": "2023-07-10T21:29:00.494Z",
    "end": "2023-07-10T21:29:01.887Z",
    "duration": 1393,
    "testsRegistered": 2,
    "passPercent": 100,
    "pendingPercent": 0,
    "other": 0,
    "hasOther": false,
    "skipped": 0,
    "hasSkipped": false
  },
  "results": [
    {
      "uuid": "77093359-e1c9-4d34-993d-5f579cacd349",
      "title": "",
      "fullFile": "cypress/e2e/homepage.cy.js",
      "file": "cypress/e2e/homepage.cy.js",
      "beforeHooks": [],
      "afterHooks": [],
      "tests": [],
      "suites": [
        {
          "uuid": "cf033cff-0d9b-42e2-bbab-42ca095ecbae",
          "title": "Homepage",
          "fullFile": "",
          "file": "",
          "beforeHooks": [],
          "afterHooks": [],
          "tests": [
            {
              "title": "should load successfully",
              "fullTitle": "Homepage should load successfully",
              "timedOut": null,
              "duration": 1024,
              "state": "passed",
              "speed": "fast",
              "pass": true,
              "fail": false,
              "pending": false,
              "context": null,
              "code": "cy.visit('/');",
              "err": {},
              "uuid": "38eb5909-d789-4015-b3ac-52a59a5cba35",
              "parentUUID": "cf033cff-0d9b-42e2-bbab-42ca095ecbae",
              "isHook": false,
              "skipped": false
            },
            {
              "title": "should contain right spelled text",
              "fullTitle": "Homepage should contain right spelled text",
              "timedOut": null,
              "duration": 337,
              "state": "passed",
              "speed": "fast",
              "pass": true,
              "fail": false,
              "pending": false,
              "context": null,
              "code": "cy.contains('Users');\ncy.contains('Admin');\ncy.contains('Login');\ncy.get('mat-select').click();\ncy.contains('Register');",
              "err": {},
              "uuid": "fad190e2-a241-4a9d-b06c-040e38892750",
              "parentUUID": "cf033cff-0d9b-42e2-bbab-42ca095ecbae",
              "isHook": false,
              "skipped": false
            }
          ],
          "suites": [],
          "passes": [
            "38eb5909-d789-4015-b3ac-52a59a5cba35",
            "fad190e2-a241-4a9d-b06c-040e38892750"
          ],
          "failures": [],
          "pending": [],
          "skipped": [],
          "duration": 1361,
          "root": false,
          "rootEmpty": false,
          "_timeout": 2000
        }
      ],
      "passes": [],
      "failures": [],
      "pending": [],
      "skipped": [],
      "duration": 0,
      "root": true,
      "rootEmpty": true,
      "_timeout": 2000
    }
  ],
  "meta": {
    "mocha": {
      "version": "7.0.1"
    },
    "mochawesome": {
      "options": {
        "quiet": false,
        "reportFilename": "mochawesome",
        "saveHtml": false,
        "saveJson": true,
        "consoleReporter": "spec",
        "useInlineDiffs": false,
        "code": true
      },
      "version": "7.1.3"
    },
    "marge": {
      "options": {
        "reportDir": "cypress/results",
        "overwrite": false,
        "html": false,
        "json": true
      },
      "version": "6.2.0"
    }
  }
}