{
  "stats": {
    "suites": 3,
    "tests": 5,
    "passes": 5,
    "pending": 0,
    "failures": 0,
    "start": "2023-07-10T21:30:59.191Z",
    "end": "2023-07-10T21:31:01.816Z",
    "duration": 2625,
    "testsRegistered": 5,
    "passPercent": 100,
    "pendingPercent": 0,
    "other": 0,
    "hasOther": false,
    "skipped": 0,
    "hasSkipped": false
  },
  "results": [
    {
      "uuid": "e5a3b189-27db-45fa-bc2e-045af76d1c72",
      "title": "",
      "fullFile": "cypress/e2e/users.cy.js",
      "file": "cypress/e2e/users.cy.js",
      "beforeHooks": [],
      "afterHooks": [],
      "tests": [],
      "suites": [
        {
          "uuid": "58c215d6-2f8d-4469-bac1-933e88196062",
          "title": "Users Page",
          "fullFile": "",
          "file": "",
          "beforeHooks": [],
          "afterHooks": [],
          "tests": [],
          "suites": [
            {
              "uuid": "2da68f93-24d8-46c0-afa2-e0e67abce492",
              "title": "Api call to fetch users",
              "fullFile": "",
              "file": "",
              "beforeHooks": [],
              "afterHooks": [],
              "tests": [
                {
                  "title": "should load users table successfully",
                  "fullTitle": "Users Page Api call to fetch users should load users table successfully",
                  "timedOut": null,
                  "duration": 819,
                  "state": "passed",
                  "speed": "fast",
                  "pass": true,
                  "fail": false,
                  "pending": false,
                  "context": null,
                  "code": "cy.get('[routerLink=\"/users\"]').click();\ncy.url().should('include', 'users');",
                  "err": {},
                  "uuid": "06c32301-a609-4dda-b967-19aaa1b315b9",
                  "parentUUID": "2da68f93-24d8-46c0-afa2-e0e67abce492",
                  "isHook": false,
                  "skipped": false
                }
              ],
              "suites": [],
              "passes": [
                "06c32301-a609-4dda-b967-19aaa1b315b9"
              ],
              "failures": [],
              "pending": [],
              "skipped": [],
              "duration": 819,
              "root": false,
              "rootEmpty": false,
              "_timeout": 2000
            },
            {
              "uuid": "2fd74bb5-2327-47ab-b7a9-990403f40e28",
              "title": "Check displayed data with filtering and pagination",
              "fullFile": "",
              "file": "",
              "beforeHooks": [],
              "afterHooks": [],
              "tests": [
                {
                  "title": "should contain right spelled text",
                  "fullTitle": "Users Page Check displayed data with filtering and pagination should contain right spelled text",
                  "timedOut": null,
                  "duration": 403,
                  "state": "passed",
                  "speed": "fast",
                  "pass": true,
                  "fail": false,
                  "pending": false,
                  "context": null,
                  "code": "cy.contains('Id');\ncy.contains('Name');\ncy.contains('Username');\ncy.contains('Email');\ncy.contains('Role');",
                  "err": {},
                  "uuid": "40f2e137-3bc3-4d40-976d-393d57a77d24",
                  "parentUUID": "2fd74bb5-2327-47ab-b7a9-990403f40e28",
                  "isHook": false,
                  "skipped": false
                },
                {
                  "title": "should open page size dropdown",
                  "fullTitle": "Users Page Check displayed data with filtering and pagination should open page size dropdown",
                  "timedOut": null,
                  "duration": 452,
                  "state": "passed",
                  "speed": "fast",
                  "pass": true,
                  "fail": false,
                  "pending": false,
                  "context": null,
                  "code": "cy.get('[ng-reflect-appearance=\"outline\"]').click();",
                  "err": {},
                  "uuid": "d67b01ba-5f70-41d5-baef-10a7734145da",
                  "parentUUID": "2fd74bb5-2327-47ab-b7a9-990403f40e28",
                  "isHook": false,
                  "skipped": false
                },
                {
                  "title": "should open next page",
                  "fullTitle": "Users Page Check displayed data with filtering and pagination should open next page",
                  "timedOut": null,
                  "duration": 456,
                  "state": "passed",
                  "speed": "fast",
                  "pass": true,
                  "fail": false,
                  "pending": false,
                  "context": null,
                  "code": "cy.get('[aria-label=\"Next page\"]').click();",
                  "err": {},
                  "uuid": "eefc7ffe-0beb-4049-b28d-0fa11f6a66fa",
                  "parentUUID": "2fd74bb5-2327-47ab-b7a9-990403f40e28",
                  "isHook": false,
                  "skipped": false
                },
                {
                  "title": "should type user name filter user by username",
                  "fullTitle": "Users Page Check displayed data with filtering and pagination should type user name filter user by username",
                  "timedOut": null,
                  "duration": 431,
                  "state": "passed",
                  "speed": "fast",
                  "pass": true,
                  "fail": false,
                  "pending": false,
                  "context": null,
                  "code": "cy.get('mat-label').type('tes');\ncy.get('mat-table').find('mat-row').should('have.length', 1);",
                  "err": {},
                  "uuid": "fb74e504-a435-476e-a2c4-2e9afe2843d2",
                  "parentUUID": "2fd74bb5-2327-47ab-b7a9-990403f40e28",
                  "isHook": false,
                  "skipped": false
                }
              ],
              "suites": [],
              "passes": [
                "40f2e137-3bc3-4d40-976d-393d57a77d24",
                "d67b01ba-5f70-41d5-baef-10a7734145da",
                "eefc7ffe-0beb-4049-b28d-0fa11f6a66fa",
                "fb74e504-a435-476e-a2c4-2e9afe2843d2"
              ],
              "failures": [],
              "pending": [],
              "skipped": [],
              "duration": 1742,
              "root": false,
              "rootEmpty": false,
              "_timeout": 2000
            }
          ],
          "passes": [],
          "failures": [],
          "pending": [],
          "skipped": [],
          "duration": 0,
          "root": false,
          "rootEmpty": false,
          "_timeout": 2000
        }
      ],
      "passes": [],
      "failures": [],
      "pending": [],
      "skipped": [],
      "duration": 0,
      "root": true,
      "rootEmpty": true,
      "_timeout": 2000
    }
  ],
  "meta": {
    "mocha": {
      "version": "7.0.1"
    },
    "mochawesome": {
      "options": {
        "quiet": false,
        "reportFilename": "mochawesome",
        "saveHtml": false,
        "saveJson": true,
        "consoleReporter": "spec",
        "useInlineDiffs": false,
        "code": true
      },
      "version": "7.1.3"
    },
    "marge": {
      "options": {
        "reportDir": "cypress/results",
        "overwrite": false,
        "html": false,
        "json": true
      },
      "version": "6.2.0"
    }
  }
}